2010/03/11 13:19:56 INFO  - jmeter.util.JMeterUtils: Setting Locale to en_DK 
2010/03/11 13:19:56 INFO  - jmeter.JMeter: Copyright (c) 1998-2009 The Apache Software Foundation 
2010/03/11 13:19:56 INFO  - jmeter.JMeter: Version 2.3.4 
2010/03/11 13:19:56 INFO  - jmeter.JMeter: java.version=1.6.0_16 
2010/03/11 13:19:56 INFO  - jmeter.JMeter: java.vm.name=Java HotSpot(TM) Client VM 
2010/03/11 13:19:56 INFO  - jmeter.JMeter: os.name=Linux 
2010/03/11 13:19:56 INFO  - jmeter.JMeter: os.arch=i386 
2010/03/11 13:19:56 INFO  - jmeter.JMeter: os.version=2.6.31-20-generic 
2010/03/11 13:19:56 INFO  - jmeter.JMeter: file.encoding=UTF-8 
2010/03/11 13:19:56 INFO  - jmeter.JMeter: Default Locale=English (Denmark) 
2010/03/11 13:19:56 INFO  - jmeter.JMeter: JMeter  Locale=English (Denmark) 
2010/03/11 13:19:56 INFO  - jmeter.JMeter: JMeterHome=/usr/share/jmeter 
2010/03/11 13:19:56 INFO  - jmeter.JMeter: user.dir  =/home/jakub/code/pazpar2/perf/jmeter 
2010/03/11 13:19:56 INFO  - jmeter.JMeter: PWD       =/home/jakub/code/pazpar2/perf/jmeter 
2010/03/11 13:19:56 INFO  - jmeter.JMeter: IP: 127.0.1.1 Name: meat FullName: meat 
2010/03/11 13:19:56 INFO  - jmeter.JMeter: Loaded icon properties from org/apache/jmeter/images/icon.properties 
2010/03/11 13:19:58 INFO  - jmeter.JMeter: Loading file: pazpar2.jmx 
2010/03/11 13:19:58 INFO  - jmeter.util.BSFTestElement: Registering JMeter version of JavaScript engine as work-round for BSF-22 
2010/03/11 13:19:58 INFO  - jmeter.save.SaveService: Testplan (JMX) version: 2.2. Testlog (JTL) version: 2.2 
2010/03/11 13:19:58 INFO  - jmeter.save.SaveService: Using SaveService properties file encoding UTF-8 
2010/03/11 13:19:58 INFO  - jmeter.save.SaveService: Using SaveService properties file version 697317 
2010/03/11 13:19:58 INFO  - jmeter.save.SaveService: Using SaveService properties version 2.1 
2010/03/11 13:19:58 INFO  - jmeter.save.SaveService: All converter versions present and correct 
2010/03/11 13:19:58 INFO  - jmeter.samplers.SampleResult: Note: Sample TimeStamps are END times 
2010/03/11 13:19:58 INFO  - jmeter.samplers.SampleResult: sampleresult.default.encoding is set to ISO-8859-1 
2010/03/11 13:19:58 INFO  - jmeter.protocol.http.sampler.HTTPSamplerBase: No response parsers defined: text/html only will be scanned for embedded resources 
2010/03/11 13:19:58 INFO  - jmeter.protocol.http.sampler.HTTPSampler: Maximum connection retries = 10 
2010/03/11 13:19:58 INFO  - jmeter.protocol.http.sampler.HTTPSampler: Connection and read timeouts are available on this JVM 
2010/03/11 13:19:59 INFO  - jmeter.services.FileServer: Default base=/home/jakub/code/pazpar2/perf/jmeter 
2010/03/11 13:19:59 INFO  - jmeter.services.FileServer: Set new base=/home/jakub/code/pazpar2/perf/jmeter 
2010/03/11 13:20:15 INFO  - jmeter.engine.StandardJMeterEngine: Listeners will be started after enabling running version 
2010/03/11 13:20:15 INFO  - jmeter.engine.StandardJMeterEngine: To revert to the earlier behaviour, define jmeterengine.startlistenerslater=false 
2010/03/11 13:20:15 INFO  - jmeter.engine.StandardJMeterEngine: Running the test! 
2010/03/11 13:20:15 INFO  - jmeter.gui.util.JMeterMenuBar: setRunning(true,*local*) 
2010/03/11 13:20:15 INFO  - jmeter.engine.StandardJMeterEngine: Starting 40 threads for group user session. Ramp up = 1. 
2010/03/11 13:20:15 INFO  - jmeter.engine.StandardJMeterEngine: Thread will continue on error 
2010/03/11 13:20:15 INFO  - jmeter.threads.JMeterThread: jmeterthread.startearlier=true (see jmeter.properties) 
2010/03/11 13:20:15 INFO  - jmeter.threads.JMeterThread: Running PostProcessors in forward order 
2010/03/11 13:20:15 INFO  - jmeter.threads.JMeterThread: Thread started: user session 1-1 
2010/03/11 13:20:16 INFO  - jmeter.threads.JMeterThread: Thread started: user session 1-2 
2010/03/11 13:20:16 INFO  - jmeter.threads.JMeterThread: Thread started: user session 1-3 
2010/03/11 13:20:16 INFO  - jmeter.threads.JMeterThread: Thread started: user session 1-4 
2010/03/11 13:20:16 INFO  - jmeter.threads.JMeterThread: Thread started: user session 1-5 
2010/03/11 13:20:16 INFO  - jmeter.threads.JMeterThread: Thread started: user session 1-6 
2010/03/11 13:20:16 INFO  - jmeter.engine.StandardJMeterEngine: All threads have been started 
2010/03/11 13:20:16 INFO  - jmeter.threads.JMeterThread: Thread started: user session 1-7 
2010/03/11 13:20:16 INFO  - jmeter.threads.JMeterThread: Thread started: user session 1-8 
2010/03/11 13:20:16 INFO  - jmeter.threads.JMeterThread: Thread started: user session 1-9 
2010/03/11 13:20:16 INFO  - jmeter.threads.JMeterThread: Thread started: user session 1-10 
2010/03/11 13:20:16 INFO  - jmeter.threads.JMeterThread: Thread started: user session 1-11 
2010/03/11 13:20:16 INFO  - jmeter.threads.JMeterThread: Thread started: user session 1-12 
2010/03/11 13:20:16 INFO  - jmeter.threads.JMeterThread: Thread started: user session 1-13 
2010/03/11 13:20:16 INFO  - jmeter.threads.JMeterThread: Thread started: user session 1-14 
2010/03/11 13:20:16 INFO  - jmeter.threads.JMeterThread: Thread started: user session 1-15 
2010/03/11 13:20:16 INFO  - jmeter.threads.JMeterThread: Thread started: user session 1-16 
2010/03/11 13:20:16 INFO  - jmeter.threads.JMeterThread: Thread started: user session 1-17 
2010/03/11 13:20:16 INFO  - jmeter.threads.JMeterThread: Thread started: user session 1-18 
2010/03/11 13:20:16 INFO  - jmeter.threads.JMeterThread: Thread started: user session 1-19 
2010/03/11 13:20:16 INFO  - jmeter.threads.JMeterThread: Thread started: user session 1-20 
2010/03/11 13:20:16 INFO  - jmeter.threads.JMeterThread: Thread started: user session 1-21 
2010/03/11 13:20:16 INFO  - jmeter.threads.JMeterThread: Thread started: user session 1-22 
2010/03/11 13:20:16 INFO  - jmeter.threads.JMeterThread: Thread started: user session 1-23 
2010/03/11 13:20:16 INFO  - jmeter.threads.JMeterThread: Thread started: user session 1-24 
2010/03/11 13:20:16 INFO  - jmeter.threads.JMeterThread: Thread started: user session 1-25 
2010/03/11 13:20:16 INFO  - jmeter.threads.JMeterThread: Thread started: user session 1-26 
2010/03/11 13:20:16 INFO  - jmeter.threads.JMeterThread: Thread started: user session 1-27 
2010/03/11 13:20:16 INFO  - jmeter.threads.JMeterThread: Thread started: user session 1-28 
2010/03/11 13:20:16 INFO  - jmeter.threads.JMeterThread: Thread started: user session 1-29 
2010/03/11 13:20:16 INFO  - jmeter.threads.JMeterThread: Thread started: user session 1-30 
2010/03/11 13:20:16 INFO  - jmeter.threads.JMeterThread: Thread started: user session 1-31 
2010/03/11 13:20:16 INFO  - jmeter.threads.JMeterThread: Thread started: user session 1-32 
2010/03/11 13:20:16 INFO  - jmeter.threads.JMeterThread: Thread started: user session 1-33 
2010/03/11 13:20:16 INFO  - jmeter.threads.JMeterThread: Thread started: user session 1-34 
2010/03/11 13:20:16 INFO  - jmeter.threads.JMeterThread: Thread started: user session 1-35 
2010/03/11 13:20:16 INFO  - jmeter.threads.JMeterThread: Thread started: user session 1-36 
2010/03/11 13:20:16 INFO  - jmeter.threads.JMeterThread: Thread started: user session 1-37 
2010/03/11 13:20:17 INFO  - jmeter.threads.JMeterThread: Thread started: user session 1-38 
2010/03/11 13:20:17 INFO  - jmeter.threads.JMeterThread: Thread started: user session 1-39 
2010/03/11 13:20:17 INFO  - jmeter.threads.JMeterThread: Thread started: user session 1-40 
2010/03/11 13:22:45 INFO  - jmeter.threads.JMeterThread: Thread finished: user session 1-8 
2010/03/11 13:22:45 INFO  - jmeter.engine.StandardJMeterEngine: Ending thread user session 1-8 
2010/03/11 13:22:46 INFO  - jmeter.threads.JMeterThread: Thread finished: user session 1-7 
2010/03/11 13:22:46 INFO  - jmeter.engine.StandardJMeterEngine: Ending thread user session 1-7 
2010/03/11 13:22:50 INFO  - jmeter.threads.JMeterThread: Thread finished: user session 1-1 
2010/03/11 13:22:50 INFO  - jmeter.engine.StandardJMeterEngine: Ending thread user session 1-1 
2010/03/11 13:23:02 INFO  - jmeter.threads.JMeterThread: Thread finished: user session 1-2 
2010/03/11 13:23:02 INFO  - jmeter.engine.StandardJMeterEngine: Ending thread user session 1-2 
2010/03/11 13:23:02 INFO  - jmeter.threads.JMeterThread: Thread finished: user session 1-33 
2010/03/11 13:23:02 INFO  - jmeter.engine.StandardJMeterEngine: Ending thread user session 1-33 
2010/03/11 13:23:02 INFO  - jmeter.threads.JMeterThread: Thread finished: user session 1-16 
2010/03/11 13:23:02 INFO  - jmeter.engine.StandardJMeterEngine: Ending thread user session 1-16 
2010/03/11 13:23:02 INFO  - jmeter.threads.JMeterThread: Thread finished: user session 1-25 
2010/03/11 13:23:02 INFO  - jmeter.engine.StandardJMeterEngine: Ending thread user session 1-25 
2010/03/11 13:23:02 INFO  - jmeter.threads.JMeterThread: Thread finished: user session 1-9 
2010/03/11 13:23:02 INFO  - jmeter.engine.StandardJMeterEngine: Ending thread user session 1-9 
2010/03/11 13:23:02 INFO  - jmeter.threads.JMeterThread: Thread finished: user session 1-13 
2010/03/11 13:23:02 INFO  - jmeter.engine.StandardJMeterEngine: Ending thread user session 1-13 
2010/03/11 13:23:02 INFO  - jmeter.threads.JMeterThread: Thread finished: user session 1-10 
2010/03/11 13:23:02 INFO  - jmeter.engine.StandardJMeterEngine: Ending thread user session 1-10 
2010/03/11 13:23:02 INFO  - jmeter.threads.JMeterThread: Thread finished: user session 1-12 
2010/03/11 13:23:02 INFO  - jmeter.engine.StandardJMeterEngine: Ending thread user session 1-12 
2010/03/11 13:23:02 INFO  - jmeter.threads.JMeterThread: Thread finished: user session 1-3 
2010/03/11 13:23:02 INFO  - jmeter.engine.StandardJMeterEngine: Ending thread user session 1-3 
2010/03/11 13:23:02 INFO  - jmeter.threads.JMeterThread: Thread finished: user session 1-31 
2010/03/11 13:23:02 INFO  - jmeter.engine.StandardJMeterEngine: Ending thread user session 1-31 
2010/03/11 13:23:02 INFO  - jmeter.threads.JMeterThread: Thread finished: user session 1-27 
2010/03/11 13:23:02 INFO  - jmeter.engine.StandardJMeterEngine: Ending thread user session 1-27 
2010/03/11 13:23:02 INFO  - jmeter.threads.JMeterThread: Thread finished: user session 1-4 
2010/03/11 13:23:02 INFO  - jmeter.engine.StandardJMeterEngine: Ending thread user session 1-4 
2010/03/11 13:23:03 INFO  - jmeter.threads.JMeterThread: Thread finished: user session 1-15 
2010/03/11 13:23:03 INFO  - jmeter.engine.StandardJMeterEngine: Ending thread user session 1-15 
2010/03/11 13:23:03 INFO  - jmeter.threads.JMeterThread: Thread finished: user session 1-23 
2010/03/11 13:23:03 INFO  - jmeter.engine.StandardJMeterEngine: Ending thread user session 1-23 
2010/03/11 13:23:03 INFO  - jmeter.threads.JMeterThread: Thread finished: user session 1-28 
2010/03/11 13:23:03 INFO  - jmeter.engine.StandardJMeterEngine: Ending thread user session 1-28 
2010/03/11 13:23:03 INFO  - jmeter.threads.JMeterThread: Thread finished: user session 1-32 
2010/03/11 13:23:03 INFO  - jmeter.engine.StandardJMeterEngine: Ending thread user session 1-32 
2010/03/11 13:23:03 INFO  - jmeter.threads.JMeterThread: Thread finished: user session 1-29 
2010/03/11 13:23:03 INFO  - jmeter.engine.StandardJMeterEngine: Ending thread user session 1-29 
2010/03/11 13:23:03 INFO  - jmeter.threads.JMeterThread: Thread finished: user session 1-6 
2010/03/11 13:23:03 INFO  - jmeter.engine.StandardJMeterEngine: Ending thread user session 1-6 
2010/03/11 13:23:03 INFO  - jmeter.threads.JMeterThread: Thread finished: user session 1-26 
2010/03/11 13:23:03 INFO  - jmeter.engine.StandardJMeterEngine: Ending thread user session 1-26 
2010/03/11 13:23:03 INFO  - jmeter.threads.JMeterThread: Thread finished: user session 1-24 
2010/03/11 13:23:03 INFO  - jmeter.engine.StandardJMeterEngine: Ending thread user session 1-24 
2010/03/11 13:23:03 INFO  - jmeter.threads.JMeterThread: Thread finished: user session 1-37 
2010/03/11 13:23:03 INFO  - jmeter.engine.StandardJMeterEngine: Ending thread user session 1-37 
2010/03/11 13:23:12 INFO  - jmeter.threads.JMeterThread: Thread finished: user session 1-11 
2010/03/11 13:23:12 INFO  - jmeter.engine.StandardJMeterEngine: Ending thread user session 1-11 
2010/03/11 13:23:12 INFO  - jmeter.threads.JMeterThread: Thread finished: user session 1-17 
2010/03/11 13:23:12 INFO  - jmeter.engine.StandardJMeterEngine: Ending thread user session 1-17 
2010/03/11 13:23:12 INFO  - jmeter.threads.JMeterThread: Thread finished: user session 1-40 
2010/03/11 13:23:12 INFO  - jmeter.engine.StandardJMeterEngine: Ending thread user session 1-40 
2010/03/11 13:23:12 INFO  - jmeter.threads.JMeterThread: Thread finished: user session 1-38 
2010/03/11 13:23:12 INFO  - jmeter.engine.StandardJMeterEngine: Ending thread user session 1-38 
2010/03/11 13:23:13 INFO  - jmeter.threads.JMeterThread: Thread finished: user session 1-30 
2010/03/11 13:23:13 INFO  - jmeter.engine.StandardJMeterEngine: Ending thread user session 1-30 
2010/03/11 13:23:13 INFO  - jmeter.threads.JMeterThread: Thread finished: user session 1-39 
2010/03/11 13:23:13 INFO  - jmeter.engine.StandardJMeterEngine: Ending thread user session 1-39 
2010/03/11 13:23:13 INFO  - jmeter.threads.JMeterThread: Thread finished: user session 1-36 
2010/03/11 13:23:13 INFO  - jmeter.engine.StandardJMeterEngine: Ending thread user session 1-36 
2010/03/11 13:23:13 INFO  - jmeter.threads.JMeterThread: Thread finished: user session 1-19 
2010/03/11 13:23:13 INFO  - jmeter.engine.StandardJMeterEngine: Ending thread user session 1-19 
2010/03/11 13:23:13 INFO  - jmeter.threads.JMeterThread: Thread finished: user session 1-5 
2010/03/11 13:23:13 INFO  - jmeter.engine.StandardJMeterEngine: Ending thread user session 1-5 
2010/03/11 13:23:13 INFO  - jmeter.threads.JMeterThread: Thread finished: user session 1-35 
2010/03/11 13:23:13 INFO  - jmeter.engine.StandardJMeterEngine: Ending thread user session 1-35 
2010/03/11 13:23:13 INFO  - jmeter.threads.JMeterThread: Thread finished: user session 1-22 
2010/03/11 13:23:13 INFO  - jmeter.engine.StandardJMeterEngine: Ending thread user session 1-22 
2010/03/11 13:23:13 INFO  - jmeter.threads.JMeterThread: Thread finished: user session 1-21 
2010/03/11 13:23:13 INFO  - jmeter.engine.StandardJMeterEngine: Ending thread user session 1-21 
2010/03/11 13:23:13 INFO  - jmeter.threads.JMeterThread: Thread finished: user session 1-14 
2010/03/11 13:23:13 INFO  - jmeter.engine.StandardJMeterEngine: Ending thread user session 1-14 
2010/03/11 13:23:13 INFO  - jmeter.threads.JMeterThread: Thread finished: user session 1-20 
2010/03/11 13:23:13 INFO  - jmeter.engine.StandardJMeterEngine: Ending thread user session 1-20 
2010/03/11 13:23:13 INFO  - jmeter.threads.JMeterThread: Thread finished: user session 1-18 
2010/03/11 13:23:13 INFO  - jmeter.engine.StandardJMeterEngine: Ending thread user session 1-18 
2010/03/11 13:23:13 INFO  - jmeter.threads.JMeterThread: Thread finished: user session 1-34 
2010/03/11 13:23:13 INFO  - jmeter.engine.StandardJMeterEngine: Ending thread user session 1-34 
2010/03/11 13:23:13 INFO  - jmeter.engine.StandardJMeterEngine: Stopping test 
2010/03/11 13:23:13 INFO  - jmeter.engine.StandardJMeterEngine: Notifying test listeners of end of test 
2010/03/11 13:23:13 INFO  - jmeter.gui.util.JMeterMenuBar: setRunning(false,*local*) 
2010/03/11 13:23:13 INFO  - jmeter.engine.StandardJMeterEngine: Test has ended 
